
****** Vitis HLS - High-Level Synthesis from C, C++ and OpenCL v2021.2 (64-bit)
  **** SW Build 3367213 on Tue Oct 19 02:47:39 MDT 2021
  **** IP Build 3369179 on Thu Oct 21 08:25:16 MDT 2021
    ** Copyright 1986-2021 Xilinx, Inc. All Rights Reserved.

source /opt/xilinx/Vitis_HLS/2021.2/scripts/vitis_hls/hls.tcl -notrace
INFO: Applying HLS Y2K22 patch v1.2 for IP revision
Sourcing Tcl script '/home/gauthier/.Xilinx/HLS_init.tcl'
INFO: [HLS 200-10] Running '/opt/xilinx/Vitis_HLS/2021.2/bin/unwrapped/lnx64.o/vitis_hls'
INFO: [HLS 200-10] For user 'gauthier' on host 'xsjsycl41.xilinx.com' (Linux_x86_64 version 5.11.0-41-generic) on Tue Mar 29 11:05:11 PDT 2022
INFO: [HLS 200-10] On os Ubuntu 21.10
INFO: [HLS 200-10] In directory '/storage/gauthier/marto'
Sourcing Tcl script '/storage/gauthier/tmp/wave_genv9xglqfj/run_hls.tcl'
INFO: [HLS 200-1510] Running: open_project -reset proj 
INFO: [HLS 200-10] Creating and opening project '/storage/gauthier/marto/proj'.
INFO: [HLS 200-1510] Running: add_files /storage/gauthier/tmp/wave_genv9xglqfj/wave_gen_kernels-linked.xpirbc 
INFO: [HLS 200-10] Adding design file '/storage/gauthier/tmp/wave_genv9xglqfj/wave_gen_kernels-linked.xpirbc' to the project
INFO: [HLS 200-1510] Running: set_top test 
INFO: [HLS 200-1510] Running: open_solution -reset sol 
INFO: [HLS 200-10] Creating and opening solution '/storage/gauthier/marto/proj/sol'.
INFO: [HLS 200-10] Cleaning up the solution database.
WARNING: [HLS 200-40] No /storage/gauthier/marto/proj/sol/sol.aps file found.
INFO: [HLS 200-1505] Using default flow_target 'vivado'
Resolution: For help on HLS 200-1505 see www.xilinx.com/cgi-bin/docs/rdoc?v=2021.2;t=hls+guidance;d=200-1505.html
INFO: [HLS 200-1510] Running: set_part xc7vx330t-ffg1157-1 
INFO: [HLS 200-1611] Setting target device to 'xc7vx330t-ffg1157-1'
INFO: [HLS 200-1510] Running: set_directive_pipeline test -II 1 
INFO: [HLS 200-1510] Running: create_clock -period 3ns -name default 
INFO: [SYN 201-201] Setting up clock 'default' with a period of 3ns.
INFO: [HLS 200-1510] Running: config_dataflow -strict_mode off 
INFO: [HLS 200-1510] Running: csynth_design 
INFO: [HLS 200-111] Finished File checks and directory preparation: CPU user time: 0 seconds. CPU system time: 0 seconds. Elapsed time: 0.01 seconds; current allocated memory: 408.082 MB.
INFO: [HLS 200-10] Analyzing design file '/storage/gauthier/tmp/wave_genv9xglqfj/wave_gen_kernels-linked.xpirbc' ... 

DBG:run_clang: start wave_gen_kernels-linked.xpirbc.clang use_clang_39=true is_clang_preproc=0 is_ep=false
DBG:run_clang: diag_xml_file=/storage/gauthier/marto/proj/sol/.autopilot/db/wave_gen_kernels-linked.xpirbc.clang.diag.xml 
DBG:run_clang: cmd: /opt/xilinx/Vitis_HLS/2021.2/lnx64/tools/clang-3.9-csynth/bin/clang -fsave-optimization-record -foptimization-record-file=/storage/gauthier/marto/proj/sol/.autopilot/db/wave_gen_kernels-linked.xpirbc.clang.diag.yml -fno-limit-debug-info -fhls -flto -fno-exceptions -Wno-error=c++11-narrowing -Xclang -mhls-ir -x ir /storage/gauthier/tmp/wave_genv9xglqfj/wave_gen_kernels-linked.xpirbc -fno-math-errno -c -emit-llvm -mllvm -disable-llvm-optzns -Werror=implicit-function-declaration -Werror=implicit-hls-streams -Werror=return-type -Wpragmas -Wunused-parameter -Wdump-hls-pragmas -std=CL1.2 -fgnu89-inline -Wpragmas -D__openclc -target spir64-unknown-unknown -cl-kernel-arg-info -I /opt/xilinx/Vitis_HLS/2021.2/include -include clc.h -Xclang -mlink-opencl-bitcode -Xclang /opt/xilinx/Vitis_HLS/2021.2/lnx64/lib/libspir64-39-hls.bc -D__VITIS_HLS__ -DAESL_SYN -D__SYNTHESIS__ -D__HLS_SYN__ -I /opt/xilinx/Vitis_HLS/2021.2/common/technology/autopilot -I /opt/xilinx/Vitis_HLS/2021.2/common/technology/autopilot/ap_sysc -include etc/autopilot_ssdm_op.h -D__DSP48E1__ -g -o /storage/gauthier/marto/proj/sol/.autopilot/db/wave_gen_kernels-linked.bc -hls-platform-db-name=/opt/xilinx/Vitis_HLS/2021.2/common/technology/xilinx/common/platform.db -hls-platform-name=virtex7_slow > /storage/gauthier/marto/proj/sol/.autopilot/db/wave_gen_kernels-linked.xpirbc.clang.out.log 2> /storage/gauthier/marto/proj/sol/.autopilot/db/wave_gen_kernels-linked.xpirbc.clang.err.log
DBG:run_clang: cmd caught=0 err= log-exists=1 result=true
DBG:run_clang: opening clang log: /storage/gauthier/marto/proj/sol/.autopilot/db/wave_gen_kernels-linked.xpirbc.clang.err.log
DBG:run_clang: stderr errors(7): {clang: warning: argument unused during compilation: '-I /opt/xilinx/Vitis_HLS/2021.2/include' [-Wunused-command-line-argument]} {clang: warning: argument unused during compilation: '-include clc.h' [-Wunused-command-line-argument]} {clang: warning: argument unused during compilation: '-I /opt/xilinx/Vitis_HLS/2021.2/common/technology/autopilot' [-Wunused-command-line-argument]} {clang: warning: argument unused during compilation: '-I /opt/xilinx/Vitis_HLS/2021.2/common/technology/autopilot/ap_sysc' [-Wunused-command-line-argument]} {clang: warning: argument unused during compilation: '-include etc/autopilot_ssdm_op.h' [-Wunused-command-line-argument]} {warning: overriding the module target triple with spir64-unknown-unknown [-Woverride-module]} {1 warning generated.}
DBG:run_clang: found 1 in diag_xml_file: /storage/gauthier/marto/proj/sol/.autopilot/db/wave_gen_kernels-linked.xpirbc.clang.diag.xml
DBG:run_clang: ignoring stderr errors, using diag_xml_file instead
INFO: YAML: No content found in /storage/gauthier/marto/proj/sol/.autopilot/db/wave_gen_kernels-linked.xpirbc.clang.diag.yml
DBG:run_clang: found 0 in diag_yaml_file
DBG:run_clang: num_overlay_msgs=1 num_unmatched_msgs=0
INFO: === START 1 MATCHED messages ===
MESSAGE: {WARNING [HLS 207-586] overriding the module target triple with spir64-unknown-unknown} {} {} {{} clang-xml-warning warning clang-xml-warning 586 {overriding the module target triple with spir64-unknown-unknown} {ClangWarningOption override-module}}
INFO: === END 1 MATCHED messages ===
INFO: === START 0 UNMATCHED|DISABLED|IGNORED messages ===
**NO MESSAGES GENERATED**
DBG:run_clang: RUNNING: ap_puts_warn -ns HLS -gid 207 -id 586  overriding the module target triple with spir64-unknown-unknown
WARNING: [HLS 207-586] overriding the module target triple with spir64-unknown-unknown
DBG:run_clang: diag_yaml_file num_yml_entries=1 num_overlay_msgs=1 diag_file_exists=1 diag_yaml_file=/storage/gauthier/marto/proj/sol/.autopilot/db/wave_gen_kernels-linked.xpirbc.clang.diag.yml
DBG:run_clang: result=true wave_gen_kernels-linked.xpirbc.clang use_clang_39=true

DBG: run_clang:
INFO: [HLS 200-111] Finished Source Code Analysis and Preprocessing: CPU user time: 0.2 seconds. CPU system time: 0.09 seconds. Elapsed time: 0.3 seconds; current allocated memory: 408.305 MB.

DBG:run_clang: start a.g.ld.0.bc.llvm-link use_clang_39=true is_clang_preproc=0 is_ep=false
DBG:run_clang: cmd: /opt/xilinx/Vitis_HLS/2021.2/lnx64/tools/clang-3.9-csynth/bin/llvm-link /storage/gauthier/marto/proj/sol/.autopilot/db/wave_gen_kernels-linked.g.bc -o /storage/gauthier/marto/proj/sol/.autopilot/db/a.g.ld.0.bc > /storage/gauthier/marto/proj/sol/.autopilot/db/a.g.ld.0.bc.llvm-link.out.log 2> /storage/gauthier/marto/proj/sol/.autopilot/db/a.g.ld.0.bc.llvm-link.err.log
DBG:run_clang: cmd caught=0 err= log-exists=1 result=true
DBG:run_clang: opening clang log: /storage/gauthier/marto/proj/sol/.autopilot/db/a.g.ld.0.bc.llvm-link.err.log
DBG:run_clang: result=true a.g.ld.0.bc.llvm-link use_clang_39=true

DBG:run_clang: start a.g.ld.1.lower.bc.opt use_clang_39=true is_clang_preproc=0 is_ep=false
DBG:run_clang: cmd: /opt/xilinx/Vitis_HLS/2021.2/lnx64/tools/clang-3.9-csynth/bin/opt -pass-remarks-missed=reflow|pasta|unroll -pass-remarks=reflow|pasta|unroll|inline -pass-remarks-output=/storage/gauthier/marto/proj/sol/.autopilot/db/a.g.ld.1.lower.bc.opt.diag.yml /storage/gauthier/marto/proj/sol/.autopilot/db/a.g.ld.0.bc -reflow-lower-math-intrinsics -o /storage/gauthier/marto/proj/sol/.autopilot/db/a.g.ld.1.lower.bc > /storage/gauthier/marto/proj/sol/.autopilot/db/a.g.ld.1.lower.bc.opt.out.log 2> /storage/gauthier/marto/proj/sol/.autopilot/db/a.g.ld.1.lower.bc.opt.err.log
DBG:run_clang: cmd caught=0 err= log-exists=1 result=true
DBG:run_clang: opening clang log: /storage/gauthier/marto/proj/sol/.autopilot/db/a.g.ld.1.lower.bc.opt.err.log
INFO: YAML: No content found in /storage/gauthier/marto/proj/sol/.autopilot/db/a.g.ld.1.lower.bc.opt.diag.yml
DBG:run_clang: found 0 in diag_yaml_file
DBG:run_clang: diag_yaml_file num_yml_entries=0 num_overlay_msgs=0 diag_file_exists=1 diag_yaml_file=/storage/gauthier/marto/proj/sol/.autopilot/db/a.g.ld.1.lower.bc.opt.diag.yml
DBG:run_clang: result=true a.g.ld.1.lower.bc.opt use_clang_39=true

DBG:run_clang: start a.g.ld.2.m1.bc.llvm-link use_clang_39=true is_clang_preproc=0 is_ep=false
DBG:run_clang: cmd: /opt/xilinx/Vitis_HLS/2021.2/lnx64/tools/clang-3.9-csynth/bin/llvm-link /storage/gauthier/marto/proj/sol/.autopilot/db/a.g.ld.1.lower.bc -only-needed /opt/xilinx/Vitis_HLS/2021.2/lnx64/lib/libhlsm_39.bc /opt/xilinx/Vitis_HLS/2021.2/lnx64/lib/libhlsmc++_39.bc -o /storage/gauthier/marto/proj/sol/.autopilot/db/a.g.ld.2.m1.bc > /storage/gauthier/marto/proj/sol/.autopilot/db/a.g.ld.2.m1.bc.llvm-link.out.log 2> /storage/gauthier/marto/proj/sol/.autopilot/db/a.g.ld.2.m1.bc.llvm-link.err.log
